# JRE version: OpenJDK Runtime Environment Temurin-21.0.7+6 (21.0.7+6) (build 21.0.7+6-LTS)
# Java VM: OpenJDK 64-Bit Server VM Temurin-21.0.7+6 (21.0.7+6-LTS, mixed mode, sharing, tiered, compressed oops, compressed class ptrs, parallel gc, windows-amd64)
GC Precious Log:
 CardTable entry size: 512
 CPUs: 12 total, 12 available
 Memory: 15296M
 Large Page Support: Disabled
 NUMA Support: Disabled
 Compressed Oops: Enabled (32-bit)
 Alignments: Space 512K, Generation 512K, Heap 2M
 Heap Min Capacity: 100M
 Heap Initial Capacity: 100M
 Heap Max Capacity: 2G
 Pre-touch: Disabled
 Parallel Workers: 10
Heap:
 PSYoungGen      total 14848K, used 12321K [0x00000000d5580000, 0x00000000d6800000, 0x0000000100000000)
  eden space 14336K, 84% used [0x00000000d5580000,0x00000000d61587c0,0x00000000d6380000)
  from space 512K, 37% used [0x00000000d6700000,0x00000000d6730000,0x00000000d6780000)
  to   space 512K, 0% used [0x00000000d6780000,0x00000000d6780000,0x00000000d6800000)
 ParOldGen       total 221184K, used 199427K [0x0000000080000000, 0x000000008d800000, 0x00000000d5580000)
  object space 221184K, 90% used [0x0000000080000000,0x000000008c2c0da8,0x000000008d800000)
 Metaspace       used 78288K, committed 79808K, reserved 1179648K
  class space    used 9377K, committed 10112K, reserved 1048576K
GC Heap History (20 events):
Event: 55.148 GC heap before
{Heap before GC invocations=553 (full 4):
 PSYoungGen      total 14848K, used 14841K [0x00000000d5580000, 0x00000000d6a00000, 0x0000000100000000)
  eden space 14336K, 100% used [0x00000000d5580000,0x00000000d6380000,0x00000000d6380000)
  from space 512K, 98% used [0x00000000d6980000,0x00000000d69fe470,0x00000000d6a00000)
  to   space 1536K, 0% used [0x00000000d6700000,0x00000000d6700000,0x00000000d6880000)
 ParOldGen       total 221184K, used 195866K [0x0000000080000000, 0x000000008d800000, 0x00000000d5580000)
  object space 221184K, 88% used [0x0000000080000000,0x000000008bf46988,0x000000008d800000)
 Metaspace       used 74321K, committed 75840K, reserved 1179648K
  class space    used 8995K, committed 9728K, reserved 1048576K
}
Event: 55.150 GC heap after
{Heap after GC invocations=553 (full 4):
 PSYoungGen      total 15872K, used 1526K [0x00000000d5580000, 0x00000000d6a00000, 0x0000000100000000)
  eden space 14336K, 0% used [0x00000000d5580000,0x00000000d5580000,0x00000000d6380000)
  from space 1536K, 99% used [0x00000000d6700000,0x00000000d687db18,0x00000000d6880000)
  to   space 1536K, 0% used [0x00000000d6880000,0x00000000d6880000,0x00000000d6a00000)
 ParOldGen       total 221184K, used 196948K [0x0000000080000000, 0x000000008d800000, 0x00000000d5580000)
  object space 221184K, 89% used [0x0000000080000000,0x000000008c055030,0x000000008d800000)
 Metaspace       used 74321K, committed 75840K, reserved 1179648K
  class space    used 8995K, committed 9728K, reserved 1048576K
}
Event: 55.200 GC heap before
{Heap before GC invocations=554 (full 4):
 PSYoungGen      total 15872K, used 15862K [0x00000000d5580000, 0x00000000d6a00000, 0x0000000100000000)
  eden space 14336K, 100% used [0x00000000d5580000,0x00000000d6380000,0x00000000d6380000)
  from space 1536K, 99% used [0x00000000d6700000,0x00000000d687db18,0x00000000d6880000)
  to   space 1536K, 0% used [0x00000000d6880000,0x00000000d6880000,0x00000000d6a00000)
 ParOldGen       total 221184K, used 196948K [0x0000000080000000, 0x000000008d800000, 0x00000000d5580000)
  object space 221184K, 89% used [0x0000000080000000,0x000000008c055030,0x000000008d800000)
 Metaspace       used 74344K, committed 75840K, reserved 1179648K
  class space    used 8995K, committed 9728K, reserved 1048576K
}
Event: 55.202 GC heap after
{Heap after GC invocations=554 (full 4):
 PSYoungGen      total 15872K, used 1117K [0x00000000d5580000, 0x00000000d6a00000, 0x0000000100000000)
  eden space 14336K, 0% used [0x00000000d5580000,0x00000000d5580000,0x00000000d6380000)
  from space 1536K, 72% used [0x00000000d6880000,0x00000000d69977d8,0x00000000d6a00000)
  to   space 2048K, 0% used [0x00000000d6600000,0x00000000d6600000,0x00000000d6800000)
 ParOldGen       total 221184K, used 197911K [0x0000000080000000, 0x000000008d800000, 0x00000000d5580000)
  object space 221184K, 89% used [0x0000000080000000,0x000000008c145d78,0x000000008d800000)
 Metaspace       used 74344K, committed 75840K, reserved 1179648K
  class space    used 8995K, committed 9728K, reserved 1048576K
}
Event: 55.221 GC heap before
{Heap before GC invocations=555 (full 4):
 PSYoungGen      total 15872K, used 15453K [0x00000000d5580000, 0x00000000d6a00000, 0x0000000100000000)
  eden space 14336K, 100% used [0x00000000d5580000,0x00000000d6380000,0x00000000d6380000)
  from space 1536K, 72% used [0x00000000d6880000,0x00000000d69977d8,0x00000000d6a00000)
  to   space 2048K, 0% used [0x00000000d6600000,0x00000000d6600000,0x00000000d6800000)
 ParOldGen       total 221184K, used 197911K [0x0000000080000000, 0x000000008d800000, 0x00000000d5580000)
  object space 221184K, 89% used [0x0000000080000000,0x000000008c145d78,0x000000008d800000)
 Metaspace       used 74351K, committed 75840K, reserved 1179648K
  class space    used 8995K, committed 9728K, reserved 1048576K
}
Event: 55.222 GC heap after
{Heap after GC invocations=555 (full 4):
 PSYoungGen      total 15872K, used 1471K [0x00000000d5580000, 0x00000000d6900000, 0x0000000100000000)
  eden space 14336K, 0% used [0x00000000d5580000,0x00000000d5580000,0x00000000d6380000)
  from space 1536K, 95% used [0x00000000d6600000,0x00000000d676fef0,0x00000000d6780000)
  to   space 1536K, 0% used [0x00000000d6780000,0x00000000d6780000,0x00000000d6900000)
 ParOldGen       total 221184K, used 197935K [0x0000000080000000, 0x000000008d800000, 0x00000000d5580000)
  object space 221184K, 89% used [0x0000000080000000,0x000000008c14bd78,0x000000008d800000)
 Metaspace       used 74351K, committed 75840K, reserved 1179648K
  class space    used 8995K, committed 9728K, reserved 1048576K
}
Event: 55.343 GC heap before
{Heap before GC invocations=556 (full 4):
 PSYoungGen      total 15872K, used 15807K [0x00000000d5580000, 0x00000000d6900000, 0x0000000100000000)
  eden space 14336K, 100% used [0x00000000d5580000,0x00000000d6380000,0x00000000d6380000)
  from space 1536K, 95% used [0x00000000d6600000,0x00000000d676fef0,0x00000000d6780000)
  to   space 1536K, 0% used [0x00000000d6780000,0x00000000d6780000,0x00000000d6900000)
 ParOldGen       total 221184K, used 197935K [0x0000000080000000, 0x000000008d800000, 0x00000000d5580000)
  object space 221184K, 89% used [0x0000000080000000,0x000000008c14bd78,0x000000008d800000)
 Metaspace       used 75655K, committed 77184K, reserved 1179648K
  class space    used 9130K, committed 9856K, reserved 1048576K
}
Event: 55.344 GC heap after
{Heap after GC invocations=556 (full 4):
 PSYoungGen      total 14848K, used 320K [0x00000000d5580000, 0x00000000d6800000, 0x0000000100000000)
  eden space 14336K, 0% used [0x00000000d5580000,0x00000000d5580000,0x00000000d6380000)
  from space 512K, 62% used [0x00000000d6780000,0x00000000d67d0000,0x00000000d6800000)
  to   space 1024K, 0% used [0x00000000d6600000,0x00000000d6600000,0x00000000d6700000)
 ParOldGen       total 221184K, used 197967K [0x0000000080000000, 0x000000008d800000, 0x00000000d5580000)
  object space 221184K, 89% used [0x0000000080000000,0x000000008c153d78,0x000000008d800000)
 Metaspace       used 75655K, committed 77184K, reserved 1179648K
  class space    used 9130K, committed 9856K, reserved 1048576K
}
Event: 55.490 GC heap before
{Heap before GC invocations=557 (full 4):
 PSYoungGen      total 14848K, used 14606K [0x00000000d5580000, 0x00000000d6800000, 0x0000000100000000)
  eden space 14336K, 99% used [0x00000000d5580000,0x00000000d6373850,0x00000000d6380000)
  from space 512K, 62% used [0x00000000d6780000,0x00000000d67d0000,0x00000000d6800000)
  to   space 1024K, 0% used [0x00000000d6600000,0x00000000d6600000,0x00000000d6700000)
 ParOldGen       total 221184K, used 197967K [0x0000000080000000, 0x000000008d800000, 0x00000000d5580000)
  object space 221184K, 89% used [0x0000000080000000,0x000000008c153d78,0x000000008d800000)
 Metaspace       used 76069K, committed 77632K, reserved 1179648K
  class space    used 9178K, committed 9920K, reserved 1048576K
}
Event: 55.491 GC heap after
{Heap after GC invocations=557 (full 4):
 PSYoungGen      total 15360K, used 328K [0x00000000d5580000, 0x00000000d6800000, 0x0000000100000000)
  eden space 14336K, 0% used [0x00000000d5580000,0x00000000d5580000,0x00000000d6380000)
  from space 1024K, 32% used [0x00000000d6600000,0x00000000d6652000,0x00000000d6700000)
  to   space 512K, 0% used [0x00000000d6780000,0x00000000d6780000,0x00000000d6800000)
 ParOldGen       total 221184K, used 198127K [0x0000000080000000, 0x000000008d800000, 0x00000000d5580000)
  object space 221184K, 89% used [0x0000000080000000,0x000000008c17bd78,0x000000008d800000)
 Metaspace       used 76069K, committed 77632K, reserved 1179648K
  class space    used 9178K, committed 9920K, reserved 1048576K
}
Event: 55.631 GC heap before
{Heap before GC invocations=558 (full 4):
 PSYoungGen      total 15360K, used 14664K [0x00000000d5580000, 0x00000000d6800000, 0x0000000100000000)
  eden space 14336K, 100% used [0x00000000d5580000,0x00000000d6380000,0x00000000d6380000)
  from space 1024K, 32% used [0x00000000d6600000,0x00000000d6652000,0x00000000d6700000)
  to   space 512K, 0% used [0x00000000d6780000,0x00000000d6780000,0x00000000d6800000)
 ParOldGen       total 221184K, used 198127K [0x0000000080000000, 0x000000008d800000, 0x00000000d5580000)
  object space 221184K, 89% used [0x0000000080000000,0x000000008c17bd78,0x000000008d800000)
 Metaspace       used 76705K, committed 78272K, reserved 1179648K
  class space    used 9244K, committed 9984K, reserved 1048576K
}
Event: 55.632 GC heap after
{Heap after GC invocations=558 (full 4):
 PSYoungGen      total 14848K, used 352K [0x00000000d5580000, 0x00000000d6800000, 0x0000000100000000)
  eden space 14336K, 0% used [0x00000000d5580000,0x00000000d5580000,0x00000000d6380000)
  from space 512K, 68% used [0x00000000d6780000,0x00000000d67d8000,0x00000000d6800000)
  to   space 512K, 0% used [0x00000000d6700000,0x00000000d6700000,0x00000000d6780000)
 ParOldGen       total 221184K, used 198319K [0x0000000080000000, 0x000000008d800000, 0x00000000d5580000)
  object space 221184K, 89% used [0x0000000080000000,0x000000008c1abd78,0x000000008d800000)
 Metaspace       used 76705K, committed 78272K, reserved 1179648K
  class space    used 9244K, committed 9984K, reserved 1048576K
}
Event: 55.664 GC heap before
{Heap before GC invocations=559 (full 4):
 PSYoungGen      total 14848K, used 14688K [0x00000000d5580000, 0x00000000d6800000, 0x0000000100000000)
  eden space 14336K, 100% used [0x00000000d5580000,0x00000000d6380000,0x00000000d6380000)
  from space 512K, 68% used [0x00000000d6780000,0x00000000d67d8000,0x00000000d6800000)
  to   space 512K, 0% used [0x00000000d6700000,0x00000000d6700000,0x00000000d6780000)
 ParOldGen       total 221184K, used 198319K [0x0000000080000000, 0x000000008d800000, 0x00000000d5580000)
  object space 221184K, 89% used [0x0000000080000000,0x000000008c1abd78,0x000000008d800000)
 Metaspace       used 77072K, committed 78592K, reserved 1179648K
  class space    used 9271K, committed 9984K, reserved 1048576K
}
Event: 55.665 GC heap after
{Heap after GC invocations=559 (full 4):
 PSYoungGen      total 14848K, used 288K [0x00000000d5580000, 0x00000000d6800000, 0x0000000100000000)
  eden space 14336K, 0% used [0x00000000d5580000,0x00000000d5580000,0x00000000d6380000)
  from space 512K, 56% used [0x00000000d6700000,0x00000000d6748000,0x00000000d6780000)
  to   space 512K, 0% used [0x00000000d6780000,0x00000000d6780000,0x00000000d6800000)
 ParOldGen       total 221184K, used 198507K [0x0000000080000000, 0x000000008d800000, 0x00000000d5580000)
  object space 221184K, 89% used [0x0000000080000000,0x000000008c1dad88,0x000000008d800000)
 Metaspace       used 77072K, committed 78592K, reserved 1179648K
  class space    used 9271K, committed 9984K, reserved 1048576K
}
Event: 55.690 GC heap before
{Heap before GC invocations=560 (full 4):
 PSYoungGen      total 14848K, used 14624K [0x00000000d5580000, 0x00000000d6800000, 0x0000000100000000)
  eden space 14336K, 100% used [0x00000000d5580000,0x00000000d6380000,0x00000000d6380000)
  from space 512K, 56% used [0x00000000d6700000,0x00000000d6748000,0x00000000d6780000)
  to   space 512K, 0% used [0x00000000d6780000,0x00000000d6780000,0x00000000d6800000)
 ParOldGen       total 221184K, used 198507K [0x0000000080000000, 0x000000008d800000, 0x00000000d5580000)
  object space 221184K, 89% used [0x0000000080000000,0x000000008c1dad88,0x000000008d800000)
 Metaspace       used 77545K, committed 79040K, reserved 1179648K
  class space    used 9296K, committed 9984K, reserved 1048576K
}
Event: 55.691 GC heap after
{Heap after GC invocations=560 (full 4):
 PSYoungGen      total 14848K, used 448K [0x00000000d5580000, 0x00000000d6800000, 0x0000000100000000)
  eden space 14336K, 0% used [0x00000000d5580000,0x00000000d5580000,0x00000000d6380000)
  from space 512K, 87% used [0x00000000d6780000,0x00000000d67f0000,0x00000000d6800000)
  to   space 512K, 0% used [0x00000000d6700000,0x00000000d6700000,0x00000000d6780000)
 ParOldGen       total 221184K, used 198595K [0x0000000080000000, 0x000000008d800000, 0x00000000d5580000)
  object space 221184K, 89% used [0x0000000080000000,0x000000008c1f0d88,0x000000008d800000)
 Metaspace       used 77545K, committed 79040K, reserved 1179648K
  class space    used 9296K, committed 9984K, reserved 1048576K
}
Event: 55.810 GC heap before
{Heap before GC invocations=561 (full 4):
 PSYoungGen      total 14848K, used 14784K [0x00000000d5580000, 0x00000000d6800000, 0x0000000100000000)
  eden space 14336K, 100% used [0x00000000d5580000,0x00000000d6380000,0x00000000d6380000)
  from space 512K, 87% used [0x00000000d6780000,0x00000000d67f0000,0x00000000d6800000)
  to   space 512K, 0% used [0x00000000d6700000,0x00000000d6700000,0x00000000d6780000)
 ParOldGen       total 221184K, used 198595K [0x0000000080000000, 0x000000008d800000, 0x00000000d5580000)
  object space 221184K, 89% used [0x0000000080000000,0x000000008c1f0d88,0x000000008d800000)
 Metaspace       used 78237K, committed 79808K, reserved 1179648K
  class space    used 9376K, committed 10112K, reserved 1048576K
}
Event: 55.811 GC heap after
{Heap after GC invocations=561 (full 4):
 PSYoungGen      total 14848K, used 480K [0x00000000d5580000, 0x00000000d6800000, 0x0000000100000000)
  eden space 14336K, 0% used [0x00000000d5580000,0x00000000d5580000,0x00000000d6380000)
  from space 512K, 93% used [0x00000000d6700000,0x00000000d6778020,0x00000000d6780000)
  to   space 512K, 0% used [0x00000000d6780000,0x00000000d6780000,0x00000000d6800000)
 ParOldGen       total 221184K, used 198947K [0x0000000080000000, 0x000000008d800000, 0x00000000d5580000)
  object space 221184K, 89% used [0x0000000080000000,0x000000008c248d88,0x000000008d800000)
 Metaspace       used 78237K, committed 79808K, reserved 1179648K
  class space    used 9376K, committed 10112K, reserved 1048576K
}
Event: 56.001 GC heap before
{Heap before GC invocations=562 (full 4):
 PSYoungGen      total 14848K, used 14816K [0x00000000d5580000, 0x00000000d6800000, 0x0000000100000000)
  eden space 14336K, 100% used [0x00000000d5580000,0x00000000d6380000,0x00000000d6380000)
  from space 512K, 93% used [0x00000000d6700000,0x00000000d6778020,0x00000000d6780000)
  to   space 512K, 0% used [0x00000000d6780000,0x00000000d6780000,0x00000000d6800000)
 ParOldGen       total 221184K, used 198947K [0x0000000080000000, 0x000000008d800000, 0x00000000d5580000)
  object space 221184K, 89% used [0x0000000080000000,0x000000008c248d88,0x000000008d800000)
 Metaspace       used 78283K, committed 79808K, reserved 1179648K
  class space    used 9377K, committed 10112K, reserved 1048576K
}
Event: 56.001 GC heap after
{Heap after GC invocations=562 (full 4):
 PSYoungGen      total 14848K, used 288K [0x00000000d5580000, 0x00000000d6800000, 0x0000000100000000)
  eden space 14336K, 0% used [0x00000000d5580000,0x00000000d5580000,0x00000000d6380000)
  from space 512K, 56% used [0x00000000d6780000,0x00000000d67c8000,0x00000000d6800000)
  to   space 512K, 0% used [0x00000000d6700000,0x00000000d6700000,0x00000000d6780000)
 ParOldGen       total 221184K, used 199323K [0x0000000080000000, 0x000000008d800000, 0x00000000d5580000)
  object space 221184K, 90% used [0x0000000080000000,0x000000008c2a6da8,0x000000008d800000)
 Metaspace       used 78283K, committed 79808K, reserved 1179648K
  class space    used 9377K, committed 10112K, reserved 1048576K
}

