# JRE version: OpenJDK Runtime Environment Temurin-21.0.7+6 (21.0.7+6) (build 21.0.7+6-LTS)
# Java VM: OpenJDK 64-Bit Server VM Temurin-21.0.7+6 (21.0.7+6-LTS, mixed mode, sharing, tiered, compressed oops, compressed class ptrs, g1 gc, windows-amd64)
GC Precious Log:
 CardTable entry size: 512
 Card Set container configuration: InlinePtr #cards 4 size 8 Array Of Cards #cards 16 size 48 Howl #buckets 8 coarsen threshold 3686 Howl Bitmap #cards 512 size 80 coarsen threshold 460 Card regions per heap region 1 cards per card region 4096
 CPUs: 12 total, 12 available
 Memory: 15296M
 Large Page Support: Disabled
 NUMA Support: Disabled
 Compressed Oops: Enabled (Zero based)
 Heap Region Size: 2M
 Heap Min Capacity: 8M
 Heap Initial Capacity: 240M
 Heap Max Capacity: 4G
 Pre-touch: Disabled
 Parallel Workers: 10
 Concurrent Workers: 3
 Concurrent Refinement Workers: 10
 Periodic GC: Disabled
Heap:
 garbage-first heap   total 475136K, used 329780K [0x0000000700000000, 0x0000000800000000)
  region size 2048K, 6 young (12288K), 6 survivors (12288K)
 Metaspace       used 108215K, committed 111232K, reserved 1179648K
  class space    used 15239K, committed 16640K, reserved 1048576K
GC Heap History (20 events):
Event: 22.900 GC heap after
{Heap after GC invocations=63 (full 0):
 garbage-first heap   total 397312K, used 234181K [0x0000000700000000, 0x0000000800000000)
  region size 2048K, 6 young (12288K), 6 survivors (12288K)
 Metaspace       used 96042K, committed 98816K, reserved 1179648K
  class space    used 13588K, committed 14912K, reserved 1048576K
}
Event: 23.729 GC heap before
{Heap before GC invocations=63 (full 0):
 garbage-first heap   total 397312K, used 359109K [0x0000000700000000, 0x0000000800000000)
  region size 2048K, 68 young (139264K), 6 survivors (12288K)
 Metaspace       used 96323K, committed 99136K, reserved 1179648K
  class space    used 13622K, committed 14976K, reserved 1048576K
}
Event: 23.735 GC heap after
{Heap after GC invocations=64 (full 0):
 garbage-first heap   total 397312K, used 241547K [0x0000000700000000, 0x0000000800000000)
  region size 2048K, 5 young (10240K), 5 survivors (10240K)
 Metaspace       used 96323K, committed 99136K, reserved 1179648K
  class space    used 13622K, committed 14976K, reserved 1048576K
}
Event: 24.171 GC heap before
{Heap before GC invocations=65 (full 0):
 garbage-first heap   total 407552K, used 360331K [0x0000000700000000, 0x0000000800000000)
  region size 2048K, 64 young (131072K), 5 survivors (10240K)
 Metaspace       used 96455K, committed 99328K, reserved 1179648K
  class space    used 13641K, committed 14976K, reserved 1048576K
}
Event: 24.176 GC heap after
{Heap after GC invocations=66 (full 0):
 garbage-first heap   total 407552K, used 246932K [0x0000000700000000, 0x0000000800000000)
  region size 2048K, 4 young (8192K), 4 survivors (8192K)
 Metaspace       used 96455K, committed 99328K, reserved 1179648K
  class space    used 13641K, committed 14976K, reserved 1048576K
}
Event: 25.048 GC heap before
{Heap before GC invocations=66 (full 0):
 garbage-first heap   total 407552K, used 375956K [0x0000000700000000, 0x0000000800000000)
  region size 2048K, 67 young (137216K), 4 survivors (8192K)
 Metaspace       used 96878K, committed 99712K, reserved 1179648K
  class space    used 13710K, committed 15040K, reserved 1048576K
}
Event: 25.055 GC heap after
{Heap after GC invocations=67 (full 0):
 garbage-first heap   total 407552K, used 258829K [0x0000000700000000, 0x0000000800000000)
  region size 2048K, 9 young (18432K), 9 survivors (18432K)
 Metaspace       used 96878K, committed 99712K, reserved 1179648K
  class space    used 13710K, committed 15040K, reserved 1048576K
}
Event: 25.314 GC heap before
{Heap before GC invocations=67 (full 0):
 garbage-first heap   total 407552K, used 363277K [0x0000000700000000, 0x0000000800000000)
  region size 2048K, 61 young (124928K), 9 survivors (18432K)
 Metaspace       used 97052K, committed 99840K, reserved 1179648K
  class space    used 13732K, committed 15040K, reserved 1048576K
}
Event: 25.320 GC heap after
{Heap after GC invocations=68 (full 0):
 garbage-first heap   total 407552K, used 262752K [0x0000000700000000, 0x0000000800000000)
  region size 2048K, 4 young (8192K), 4 survivors (8192K)
 Metaspace       used 97052K, committed 99840K, reserved 1179648K
  class space    used 13732K, committed 15040K, reserved 1048576K
}
Event: 26.093 GC heap before
{Heap before GC invocations=69 (full 0):
 garbage-first heap   total 440320K, used 371296K [0x0000000700000000, 0x0000000800000000)
  region size 2048K, 58 young (118784K), 4 survivors (8192K)
 Metaspace       used 97378K, committed 100288K, reserved 1179648K
  class space    used 13768K, committed 15104K, reserved 1048576K
}
Event: 26.099 GC heap after
{Heap after GC invocations=70 (full 0):
 garbage-first heap   total 440320K, used 271595K [0x0000000700000000, 0x0000000800000000)
  region size 2048K, 8 young (16384K), 8 survivors (16384K)
 Metaspace       used 97378K, committed 100288K, reserved 1179648K
  class space    used 13768K, committed 15104K, reserved 1048576K
}
Event: 26.223 GC heap before
{Heap before GC invocations=70 (full 0):
 garbage-first heap   total 440320K, used 396523K [0x0000000700000000, 0x0000000800000000)
  region size 2048K, 70 young (143360K), 8 survivors (16384K)
 Metaspace       used 97378K, committed 100288K, reserved 1179648K
  class space    used 13768K, committed 15104K, reserved 1048576K
}
Event: 26.231 GC heap after
{Heap after GC invocations=71 (full 0):
 garbage-first heap   total 440320K, used 271253K [0x0000000700000000, 0x0000000800000000)
  region size 2048K, 3 young (6144K), 3 survivors (6144K)
 Metaspace       used 97378K, committed 100288K, reserved 1179648K
  class space    used 13768K, committed 15104K, reserved 1048576K
}
Event: 30.674 GC heap before
{Heap before GC invocations=71 (full 0):
 garbage-first heap   total 440320K, used 408469K [0x0000000700000000, 0x0000000800000000)
  region size 2048K, 70 young (143360K), 3 survivors (6144K)
 Metaspace       used 101636K, committed 104576K, reserved 1179648K
  class space    used 14376K, committed 15744K, reserved 1048576K
}
Event: 30.682 GC heap after
{Heap after GC invocations=72 (full 0):
 garbage-first heap   total 440320K, used 284201K [0x0000000700000000, 0x0000000800000000)
  region size 2048K, 9 young (18432K), 9 survivors (18432K)
 Metaspace       used 101636K, committed 104576K, reserved 1179648K
  class space    used 14376K, committed 15744K, reserved 1048576K
}
Event: 31.690 GC heap before
{Heap before GC invocations=73 (full 0):
 garbage-first heap   total 475136K, used 394793K [0x0000000700000000, 0x0000000800000000)
  region size 2048K, 63 young (129024K), 9 survivors (18432K)
 Metaspace       used 106989K, committed 109888K, reserved 1179648K
  class space    used 15091K, committed 16448K, reserved 1048576K
}
Event: 31.699 GC heap after
{Heap after GC invocations=74 (full 0):
 garbage-first heap   total 475136K, used 295010K [0x0000000700000000, 0x0000000800000000)
  region size 2048K, 6 young (12288K), 6 survivors (12288K)
 Metaspace       used 106989K, committed 109888K, reserved 1179648K
  class space    used 15091K, committed 16448K, reserved 1048576K
}
Event: 32.455 GC heap before
{Heap before GC invocations=74 (full 0):
 garbage-first heap   total 475136K, used 434274K [0x0000000700000000, 0x0000000800000000)
  region size 2048K, 74 young (151552K), 6 survivors (12288K)
 Metaspace       used 107944K, committed 110912K, reserved 1179648K
  class space    used 15217K, committed 16576K, reserved 1048576K
}
Event: 32.475 GC heap after
{Heap after GC invocations=75 (full 0):
 garbage-first heap   total 475136K, used 315898K [0x0000000700000000, 0x0000000800000000)
  region size 2048K, 10 young (20480K), 10 survivors (20480K)
 Metaspace       used 107944K, committed 110912K, reserved 1179648K
  class space    used 15217K, committed 16576K, reserved 1048576K
}
Event: 33.736 GC heap before
{Heap before GC invocations=75 (full 0):
 garbage-first heap   total 475136K, used 426490K [0x0000000700000000, 0x0000000800000000)
  region size 2048K, 64 young (131072K), 10 survivors (20480K)
 Metaspace       used 108215K, committed 111232K, reserved 1179648K
  class space    used 15239K, committed 16640K, reserved 1048576K
}

