# JRE version: OpenJDK Runtime Environment Temurin-21.0.7+6 (21.0.7+6) (build 21.0.7+6-LTS)
# Java VM: OpenJDK 64-Bit Server VM Temurin-21.0.7+6 (21.0.7+6-LTS, mixed mode, sharing, tiered, compressed oops, compressed class ptrs, g1 gc, windows-amd64)
GC Precious Log:
 CardTable entry size: 512
 Card Set container configuration: InlinePtr #cards 4 size 8 Array Of Cards #cards 16 size 48 Howl #buckets 8 coarsen threshold 3686 Howl Bitmap #cards 512 size 80 coarsen threshold 460 Card regions per heap region 1 cards per card region 4096
 CPUs: 12 total, 12 available
 Memory: 15296M
 Large Page Support: Disabled
 NUMA Support: Disabled
 Compressed Oops: Enabled (Zero based)
 Heap Region Size: 2M
 Heap Min Capacity: 8M
 Heap Initial Capacity: 240M
 Heap Max Capacity: 4G
 Pre-touch: Disabled
 Parallel Workers: 10
 Concurrent Workers: 3
 Concurrent Refinement Workers: 10
 Periodic GC: Disabled
Heap:
 garbage-first heap   total 526336K, used 402510K [0x0000000700000000, 0x0000000800000000)
  region size 2048K, 43 young (88064K), 4 survivors (8192K)
 Metaspace       used 108287K, committed 111232K, reserved 1179648K
  class space    used 15246K, committed 16640K, reserved 1048576K
GC Heap History (20 events):
Event: 18.353 GC heap before
{Heap before GC invocations=60 (full 0):
 garbage-first heap   total 421888K, used 390767K [0x0000000700000000, 0x0000000800000000)
  region size 2048K, 87 young (178176K), 5 survivors (10240K)
 Metaspace       used 96390K, committed 99200K, reserved 1179648K
  class space    used 13648K, committed 14976K, reserved 1048576K
}
Event: 18.361 GC heap after
{Heap after GC invocations=61 (full 0):
 garbage-first heap   total 421888K, used 238039K [0x0000000700000000, 0x0000000800000000)
  region size 2048K, 11 young (22528K), 11 survivors (22528K)
 Metaspace       used 96390K, committed 99200K, reserved 1179648K
  class space    used 13648K, committed 14976K, reserved 1048576K
}
Event: 18.795 GC heap before
{Heap before GC invocations=61 (full 0):
 garbage-first heap   total 421888K, used 373207K [0x0000000700000000, 0x0000000800000000)
  region size 2048K, 78 young (159744K), 11 survivors (22528K)
 Metaspace       used 96523K, committed 99392K, reserved 1179648K
  class space    used 13667K, committed 15040K, reserved 1048576K
}
Event: 18.805 GC heap after
{Heap after GC invocations=62 (full 0):
 garbage-first heap   total 421888K, used 243893K [0x0000000700000000, 0x0000000800000000)
  region size 2048K, 5 young (10240K), 5 survivors (10240K)
 Metaspace       used 96523K, committed 99392K, reserved 1179648K
  class space    used 13667K, committed 15040K, reserved 1048576K
}
Event: 18.935 GC heap before
{Heap before GC invocations=62 (full 0):
 garbage-first heap   total 421888K, used 319669K [0x0000000700000000, 0x0000000800000000)
  region size 2048K, 44 young (90112K), 5 survivors (10240K)
 Metaspace       used 96548K, committed 99392K, reserved 1179648K
  class space    used 13670K, committed 15040K, reserved 1048576K
}
Event: 18.940 GC heap after
{Heap after GC invocations=63 (full 0):
 garbage-first heap   total 421888K, used 247374K [0x0000000700000000, 0x0000000800000000)
  region size 2048K, 6 young (12288K), 6 survivors (12288K)
 Metaspace       used 96548K, committed 99392K, reserved 1179648K
  class space    used 13670K, committed 15040K, reserved 1048576K
}
Event: 19.354 GC heap before
{Heap before GC invocations=64 (full 0):
 garbage-first heap   total 421888K, used 386638K [0x0000000700000000, 0x0000000800000000)
  region size 2048K, 74 young (151552K), 6 survivors (12288K)
 Metaspace       used 97110K, committed 99968K, reserved 1179648K
  class space    used 13757K, committed 15104K, reserved 1048576K
}
Event: 19.362 GC heap after
{Heap after GC invocations=65 (full 0):
 garbage-first heap   total 421888K, used 260428K [0x0000000700000000, 0x0000000800000000)
  region size 2048K, 9 young (18432K), 9 survivors (18432K)
 Metaspace       used 97110K, committed 99968K, reserved 1179648K
  class space    used 13757K, committed 15104K, reserved 1048576K
}
Event: 19.873 GC heap before
{Heap before GC invocations=65 (full 0):
 garbage-first heap   total 421888K, used 377164K [0x0000000700000000, 0x0000000800000000)
  region size 2048K, 67 young (137216K), 9 survivors (18432K)
 Metaspace       used 97435K, committed 100288K, reserved 1179648K
  class space    used 13794K, committed 15168K, reserved 1048576K
}
Event: 19.881 GC heap after
{Heap after GC invocations=66 (full 0):
 garbage-first heap   total 421888K, used 267851K [0x0000000700000000, 0x0000000800000000)
  region size 2048K, 6 young (12288K), 6 survivors (12288K)
 Metaspace       used 97435K, committed 100288K, reserved 1179648K
  class space    used 13794K, committed 15168K, reserved 1048576K
}
Event: 19.966 GC heap before
{Heap before GC invocations=66 (full 0):
 garbage-first heap   total 421888K, used 382539K [0x0000000700000000, 0x0000000800000000)
  region size 2048K, 63 young (129024K), 6 survivors (12288K)
 Metaspace       used 97435K, committed 100288K, reserved 1179648K
  class space    used 13794K, committed 15168K, reserved 1048576K
}
Event: 19.970 GC heap after
{Heap after GC invocations=67 (full 0):
 garbage-first heap   total 421888K, used 270190K [0x0000000700000000, 0x0000000800000000)
  region size 2048K, 3 young (6144K), 3 survivors (6144K)
 Metaspace       used 97435K, committed 100288K, reserved 1179648K
  class space    used 13794K, committed 15168K, reserved 1048576K
}
Event: 20.800 GC heap before
{Heap before GC invocations=68 (full 0):
 garbage-first heap   total 454656K, used 386926K [0x0000000700000000, 0x0000000800000000)
  region size 2048K, 61 young (124928K), 3 survivors (6144K)
 Metaspace       used 100664K, committed 103616K, reserved 1179648K
  class space    used 14267K, committed 15680K, reserved 1048576K
}
Event: 20.808 GC heap after
{Heap after GC invocations=69 (full 0):
 garbage-first heap   total 454656K, used 282035K [0x0000000700000000, 0x0000000800000000)
  region size 2048K, 8 young (16384K), 8 survivors (16384K)
 Metaspace       used 100664K, committed 103616K, reserved 1179648K
  class space    used 14267K, committed 15680K, reserved 1048576K
}
Event: 21.715 GC heap before
{Heap before GC invocations=69 (full 0):
 garbage-first heap   total 454656K, used 413107K [0x0000000700000000, 0x0000000800000000)
  region size 2048K, 72 young (147456K), 8 survivors (16384K)
 Metaspace       used 107044K, committed 109952K, reserved 1179648K
  class space    used 15107K, committed 16512K, reserved 1048576K
}
Event: 21.726 GC heap after
{Heap after GC invocations=70 (full 0):
 garbage-first heap   total 454656K, used 292462K [0x0000000700000000, 0x0000000800000000)
  region size 2048K, 6 young (12288K), 6 survivors (12288K)
 Metaspace       used 107044K, committed 109952K, reserved 1179648K
  class space    used 15107K, committed 16512K, reserved 1048576K
}
Event: 22.315 GC heap before
{Heap before GC invocations=70 (full 0):
 garbage-first heap   total 454656K, used 415342K [0x0000000700000000, 0x0000000800000000)
  region size 2048K, 66 young (135168K), 6 survivors (12288K)
 Metaspace       used 107826K, committed 110720K, reserved 1179648K
  class space    used 15205K, committed 16576K, reserved 1048576K
}
Event: 22.328 GC heap after
{Heap after GC invocations=71 (full 0):
 garbage-first heap   total 454656K, used 314471K [0x0000000700000000, 0x0000000800000000)
  region size 2048K, 9 young (18432K), 9 survivors (18432K)
 Metaspace       used 107826K, committed 110720K, reserved 1179648K
  class space    used 15205K, committed 16576K, reserved 1048576K
}
Event: 24.414 GC heap before
{Heap before GC invocations=72 (full 0):
 garbage-first heap   total 526336K, used 406631K [0x0000000700000000, 0x0000000800000000)
  region size 2048K, 54 young (110592K), 9 survivors (18432K)
 Metaspace       used 108122K, committed 111104K, reserved 1179648K
  class space    used 15240K, committed 16640K, reserved 1048576K
}
Event: 24.427 GC heap after
{Heap after GC invocations=73 (full 0):
 garbage-first heap   total 526336K, used 324686K [0x0000000700000000, 0x0000000800000000)
  region size 2048K, 4 young (8192K), 4 survivors (8192K)
 Metaspace       used 108122K, committed 111104K, reserved 1179648K
  class space    used 15240K, committed 16640K, reserved 1048576K
}

