# JRE version: OpenJDK Runtime Environment Temurin-21.0.7+6 (21.0.7+6) (build 21.0.7+6-LTS)
# Java VM: OpenJDK 64-Bit Server VM Temurin-21.0.7+6 (21.0.7+6-LTS, mixed mode, sharing, tiered, compressed oops, compressed class ptrs, g1 gc, windows-amd64)
GC Precious Log:
 CardTable entry size: 512
 Card Set container configuration: InlinePtr #cards 4 size 8 Array Of Cards #cards 16 size 48 Howl #buckets 8 coarsen threshold 3686 Howl Bitmap #cards 512 size 80 coarsen threshold 460 Card regions per heap region 1 cards per card region 4096
 CPUs: 12 total, 12 available
 Memory: 15296M
 Large Page Support: Disabled
 NUMA Support: Disabled
 Compressed Oops: Enabled (Zero based)
 Heap Region Size: 2M
 Heap Min Capacity: 8M
 Heap Initial Capacity: 240M
 Heap Max Capacity: 4G
 Pre-touch: Disabled
 Parallel Workers: 10
 Concurrent Workers: 3
 Concurrent Refinement Workers: 10
 Periodic GC: Disabled
Heap:
 garbage-first heap   total 235520K, used 202604K [0x0000000700000000, 0x0000000800000000)
  region size 2048K, 36 young (73728K), 5 survivors (10240K)
 Metaspace       used 90065K, committed 92544K, reserved 1179648K
  class space    used 12804K, committed 14016K, reserved 1048576K
GC Heap History (20 events):
Event: 12.553 GC heap before
{Heap before GC invocations=29 (full 0):
 garbage-first heap   total 151552K, used 130314K [0x0000000700000000, 0x0000000800000000)
  region size 2048K, 18 young (36864K), 3 survivors (6144K)
 Metaspace       used 72598K, committed 74752K, reserved 1114112K
  class space    used 10313K, committed 11392K, reserved 1048576K
}
Event: 12.555 GC heap after
{Heap after GC invocations=30 (full 0):
 garbage-first heap   total 151552K, used 102675K [0x0000000700000000, 0x0000000800000000)
  region size 2048K, 1 young (2048K), 1 survivors (2048K)
 Metaspace       used 72598K, committed 74752K, reserved 1114112K
  class space    used 10313K, committed 11392K, reserved 1048576K
}
Event: 12.779 GC heap before
{Heap before GC invocations=31 (full 0):
 garbage-first heap   total 174080K, used 135443K [0x0000000700000000, 0x0000000800000000)
  region size 2048K, 17 young (34816K), 1 survivors (2048K)
 Metaspace       used 74800K, committed 76992K, reserved 1179648K
  class space    used 10593K, committed 11648K, reserved 1048576K
}
Event: 12.781 GC heap after
{Heap after GC invocations=32 (full 0):
 garbage-first heap   total 174080K, used 104324K [0x0000000700000000, 0x0000000800000000)
  region size 2048K, 2 young (4096K), 2 survivors (4096K)
 Metaspace       used 74800K, committed 76992K, reserved 1179648K
  class space    used 10593K, committed 11648K, reserved 1048576K
}
Event: 13.247 GC heap before
{Heap before GC invocations=32 (full 0):
 garbage-first heap   total 174080K, used 151428K [0x0000000700000000, 0x0000000800000000)
  region size 2048K, 25 young (51200K), 2 survivors (4096K)
 Metaspace       used 78596K, committed 80896K, reserved 1179648K
  class space    used 11085K, committed 12224K, reserved 1048576K
}
Event: 13.250 GC heap after
{Heap after GC invocations=33 (full 0):
 garbage-first heap   total 174080K, used 106397K [0x0000000700000000, 0x0000000800000000)
  region size 2048K, 4 young (8192K), 4 survivors (8192K)
 Metaspace       used 78596K, committed 80896K, reserved 1179648K
  class space    used 11085K, committed 12224K, reserved 1048576K
}
Event: 13.267 GC heap before
{Heap before GC invocations=33 (full 0):
 garbage-first heap   total 174080K, used 108445K [0x0000000700000000, 0x0000000800000000)
  region size 2048K, 6 young (12288K), 4 survivors (8192K)
 Metaspace       used 78746K, committed 81024K, reserved 1179648K
  class space    used 11102K, committed 12224K, reserved 1048576K
}
Event: 13.270 GC heap after
{Heap after GC invocations=34 (full 0):
 garbage-first heap   total 174080K, used 107484K [0x0000000700000000, 0x0000000800000000)
  region size 2048K, 2 young (4096K), 2 survivors (4096K)
 Metaspace       used 78746K, committed 81024K, reserved 1179648K
  class space    used 11102K, committed 12224K, reserved 1048576K
}
Event: 13.628 GC heap before
{Heap before GC invocations=35 (full 0):
 garbage-first heap   total 188416K, used 160732K [0x0000000700000000, 0x0000000800000000)
  region size 2048K, 26 young (53248K), 2 survivors (4096K)
 Metaspace       used 80048K, committed 82368K, reserved 1179648K
  class space    used 11268K, committed 12416K, reserved 1048576K
}
Event: 13.631 GC heap after
{Heap after GC invocations=36 (full 0):
 garbage-first heap   total 188416K, used 115194K [0x0000000700000000, 0x0000000800000000)
  region size 2048K, 4 young (8192K), 4 survivors (8192K)
 Metaspace       used 80048K, committed 82368K, reserved 1179648K
  class space    used 11268K, committed 12416K, reserved 1048576K
}
Event: 13.917 GC heap before
{Heap before GC invocations=36 (full 0):
 garbage-first heap   total 188416K, used 164346K [0x0000000700000000, 0x0000000800000000)
  region size 2048K, 29 young (59392K), 4 survivors (8192K)
 Metaspace       used 80304K, committed 82624K, reserved 1179648K
  class space    used 11277K, committed 12416K, reserved 1048576K
}
Event: 13.923 GC heap after
{Heap after GC invocations=37 (full 0):
 garbage-first heap   total 227328K, used 117572K [0x0000000700000000, 0x0000000800000000)
  region size 2048K, 4 young (8192K), 4 survivors (8192K)
 Metaspace       used 80304K, committed 82624K, reserved 1179648K
  class space    used 11277K, committed 12416K, reserved 1048576K
}
Event: 14.094 GC heap before
{Heap before GC invocations=37 (full 0):
 garbage-first heap   total 227328K, used 193348K [0x0000000700000000, 0x0000000800000000)
  region size 2048K, 42 young (86016K), 4 survivors (8192K)
 Metaspace       used 80305K, committed 82624K, reserved 1179648K
  class space    used 11277K, committed 12416K, reserved 1048576K
}
Event: 14.098 GC heap after
{Heap after GC invocations=38 (full 0):
 garbage-first heap   total 227328K, used 120488K [0x0000000700000000, 0x0000000800000000)
  region size 2048K, 4 young (8192K), 4 survivors (8192K)
 Metaspace       used 80305K, committed 82624K, reserved 1179648K
  class space    used 11277K, committed 12416K, reserved 1048576K
}
Event: 14.756 GC heap before
{Heap before GC invocations=39 (full 0):
 garbage-first heap   total 227328K, used 202408K [0x0000000700000000, 0x0000000800000000)
  region size 2048K, 42 young (86016K), 4 survivors (8192K)
 Metaspace       used 80448K, committed 82752K, reserved 1179648K
  class space    used 11293K, committed 12416K, reserved 1048576K
}
Event: 14.760 GC heap after
{Heap after GC invocations=40 (full 0):
 garbage-first heap   total 227328K, used 134431K [0x0000000700000000, 0x0000000800000000)
  region size 2048K, 6 young (12288K), 6 survivors (12288K)
 Metaspace       used 80448K, committed 82752K, reserved 1179648K
  class space    used 11293K, committed 12416K, reserved 1048576K
}
Event: 15.471 GC heap before
{Heap before GC invocations=40 (full 0):
 garbage-first heap   total 227328K, used 199967K [0x0000000700000000, 0x0000000800000000)
  region size 2048K, 38 young (77824K), 6 survivors (12288K)
 Metaspace       used 83744K, committed 86144K, reserved 1179648K
  class space    used 11747K, committed 12928K, reserved 1048576K
}
Event: 15.475 GC heap after
{Heap after GC invocations=41 (full 0):
 garbage-first heap   total 227328K, used 136757K [0x0000000700000000, 0x0000000800000000)
  region size 2048K, 3 young (6144K), 3 survivors (6144K)
 Metaspace       used 83744K, committed 86144K, reserved 1179648K
  class space    used 11747K, committed 12928K, reserved 1048576K
}
Event: 15.977 GC heap before
{Heap before GC invocations=41 (full 0):
 garbage-first heap   total 227328K, used 202293K [0x0000000700000000, 0x0000000800000000)
  region size 2048K, 35 young (71680K), 3 survivors (6144K)
 Metaspace       used 88064K, committed 90496K, reserved 1179648K
  class space    used 12517K, committed 13696K, reserved 1048576K
}
Event: 15.980 GC heap after
{Heap after GC invocations=42 (full 0):
 garbage-first heap   total 227328K, used 139116K [0x0000000700000000, 0x0000000800000000)
  region size 2048K, 4 young (8192K), 4 survivors (8192K)
 Metaspace       used 88064K, committed 90496K, reserved 1179648K
  class space    used 12517K, committed 13696K, reserved 1048576K
}

