# JRE version: OpenJDK Runtime Environment Temurin-21.0.7+6 (21.0.7+6) (build 21.0.7+6-LTS)
# Java VM: OpenJDK 64-Bit Server VM Temurin-21.0.7+6 (21.0.7+6-LTS, mixed mode, sharing, tiered, compressed oops, compressed class ptrs, parallel gc, windows-amd64)
GC Precious Log:
 CardTable entry size: 512
 CPUs: 12 total, 12 available
 Memory: 15296M
 Large Page Support: Disabled
 NUMA Support: Disabled
 Compressed Oops: Enabled (32-bit)
 Alignments: Space 512K, Generation 512K, Heap 2M
 Heap Min Capacity: 100M
 Heap Initial Capacity: 100M
 Heap Max Capacity: 2G
 Pre-touch: Disabled
 Parallel Workers: 10
Heap:
 PSYoungGen      total 5120K, used 679K [0x00000000d5580000, 0x00000000d5c00000, 0x0000000100000000)
  eden space 4608K, 8% used [0x00000000d5580000,0x00000000d55e1ff0,0x00000000d5a00000)
  from space 512K, 56% used [0x00000000d5b80000,0x00000000d5bc8000,0x00000000d5c00000)
  to   space 512K, 0% used [0x00000000d5b00000,0x00000000d5b00000,0x00000000d5b80000)
 ParOldGen       total 425472K, used 230424K [0x0000000080000000, 0x0000000099f80000, 0x00000000d5580000)
  object space 425472K, 54% used [0x0000000080000000,0x000000008e1061b8,0x0000000099f80000)
 Metaspace       used 76169K, committed 77696K, reserved 1179648K
  class space    used 9186K, committed 9856K, reserved 1048576K
GC Heap History (20 events):
Event: 41.378 GC heap before
{Heap before GC invocations=1693 (full 3):
 PSYoungGen      total 6144K, used 6123K [0x00000000d5580000, 0x00000000d5f80000, 0x0000000100000000)
  eden space 5120K, 100% used [0x00000000d5580000,0x00000000d5a80000,0x00000000d5a80000)
  from space 1024K, 97% used [0x00000000d5a80000,0x00000000d5b7ad60,0x00000000d5b80000)
  to   space 2560K, 0% used [0x00000000d5d00000,0x00000000d5d00000,0x00000000d5f80000)
 ParOldGen       total 425472K, used 229976K [0x0000000080000000, 0x0000000099f80000, 0x00000000d5580000)
  object space 425472K, 54% used [0x0000000080000000,0x000000008e0961b8,0x0000000099f80000)
 Metaspace       used 74541K, committed 76096K, reserved 1179648K
  class space    used 9012K, committed 9728K, reserved 1048576K
}
Event: 41.379 GC heap after
{Heap after GC invocations=1693 (full 3):
 PSYoungGen      total 6656K, used 1409K [0x00000000d5580000, 0x00000000d5e80000, 0x0000000100000000)
  eden space 5120K, 0% used [0x00000000d5580000,0x00000000d5580000,0x00000000d5a80000)
  from space 1536K, 91% used [0x00000000d5d00000,0x00000000d5e60600,0x00000000d5e80000)
  to   space 2048K, 0% used [0x00000000d5a80000,0x00000000d5a80000,0x00000000d5c80000)
 ParOldGen       total 425472K, used 230096K [0x0000000080000000, 0x0000000099f80000, 0x00000000d5580000)
  object space 425472K, 54% used [0x0000000080000000,0x000000008e0b41b8,0x0000000099f80000)
 Metaspace       used 74541K, committed 76096K, reserved 1179648K
  class space    used 9012K, committed 9728K, reserved 1048576K
}
Event: 41.387 GC heap before
{Heap before GC invocations=1694 (full 3):
 PSYoungGen      total 6656K, used 6529K [0x00000000d5580000, 0x00000000d5e80000, 0x0000000100000000)
  eden space 5120K, 100% used [0x00000000d5580000,0x00000000d5a80000,0x00000000d5a80000)
  from space 1536K, 91% used [0x00000000d5d00000,0x00000000d5e60600,0x00000000d5e80000)
  to   space 2048K, 0% used [0x00000000d5a80000,0x00000000d5a80000,0x00000000d5c80000)
 ParOldGen       total 425472K, used 230096K [0x0000000080000000, 0x0000000099f80000, 0x00000000d5580000)
  object space 425472K, 54% used [0x0000000080000000,0x000000008e0b41b8,0x0000000099f80000)
 Metaspace       used 74558K, committed 76096K, reserved 1179648K
  class space    used 9012K, committed 9728K, reserved 1048576K
}
Event: 41.389 GC heap after
{Heap after GC invocations=1694 (full 3):
 PSYoungGen      total 6656K, used 1096K [0x00000000d5580000, 0x00000000d5d80000, 0x0000000100000000)
  eden space 5120K, 0% used [0x00000000d5580000,0x00000000d5580000,0x00000000d5a80000)
  from space 1536K, 71% used [0x00000000d5a80000,0x00000000d5b92160,0x00000000d5c00000)
  to   space 1536K, 0% used [0x00000000d5c00000,0x00000000d5c00000,0x00000000d5d80000)
 ParOldGen       total 425472K, used 230096K [0x0000000080000000, 0x0000000099f80000, 0x00000000d5580000)
  object space 425472K, 54% used [0x0000000080000000,0x000000008e0b41b8,0x0000000099f80000)
 Metaspace       used 74558K, committed 76096K, reserved 1179648K
  class space    used 9012K, committed 9728K, reserved 1048576K
}
Event: 41.401 GC heap before
{Heap before GC invocations=1695 (full 3):
 PSYoungGen      total 6656K, used 6216K [0x00000000d5580000, 0x00000000d5d80000, 0x0000000100000000)
  eden space 5120K, 100% used [0x00000000d5580000,0x00000000d5a80000,0x00000000d5a80000)
  from space 1536K, 71% used [0x00000000d5a80000,0x00000000d5b92160,0x00000000d5c00000)
  to   space 1536K, 0% used [0x00000000d5c00000,0x00000000d5c00000,0x00000000d5d80000)
 ParOldGen       total 425472K, used 230096K [0x0000000080000000, 0x0000000099f80000, 0x00000000d5580000)
  object space 425472K, 54% used [0x0000000080000000,0x000000008e0b41b8,0x0000000099f80000)
 Metaspace       used 74560K, committed 76096K, reserved 1179648K
  class space    used 9012K, committed 9728K, reserved 1048576K
}
Event: 41.402 GC heap after
{Heap after GC invocations=1695 (full 3):
 PSYoungGen      total 6144K, used 1501K [0x00000000d5580000, 0x00000000d5e80000, 0x0000000100000000)
  eden space 4608K, 0% used [0x00000000d5580000,0x00000000d5580000,0x00000000d5a00000)
  from space 1536K, 97% used [0x00000000d5c00000,0x00000000d5d776a0,0x00000000d5d80000)
  to   space 2048K, 0% used [0x00000000d5a00000,0x00000000d5a00000,0x00000000d5c00000)
 ParOldGen       total 425472K, used 230104K [0x0000000080000000, 0x0000000099f80000, 0x00000000d5580000)
  object space 425472K, 54% used [0x0000000080000000,0x000000008e0b61b8,0x0000000099f80000)
 Metaspace       used 74560K, committed 76096K, reserved 1179648K
  class space    used 9012K, committed 9728K, reserved 1048576K
}
Event: 41.410 GC heap before
{Heap before GC invocations=1696 (full 3):
 PSYoungGen      total 6144K, used 6109K [0x00000000d5580000, 0x00000000d5e80000, 0x0000000100000000)
  eden space 4608K, 100% used [0x00000000d5580000,0x00000000d5a00000,0x00000000d5a00000)
  from space 1536K, 97% used [0x00000000d5c00000,0x00000000d5d776a0,0x00000000d5d80000)
  to   space 2048K, 0% used [0x00000000d5a00000,0x00000000d5a00000,0x00000000d5c00000)
 ParOldGen       total 425472K, used 230104K [0x0000000080000000, 0x0000000099f80000, 0x00000000d5580000)
  object space 425472K, 54% used [0x0000000080000000,0x000000008e0b61b8,0x0000000099f80000)
 Metaspace       used 74561K, committed 76096K, reserved 1179648K
  class space    used 9012K, committed 9728K, reserved 1048576K
}
Event: 41.411 GC heap after
{Heap after GC invocations=1696 (full 3):
 PSYoungGen      total 5632K, used 777K [0x00000000d5580000, 0x00000000d5d00000, 0x0000000100000000)
  eden space 4608K, 0% used [0x00000000d5580000,0x00000000d5580000,0x00000000d5a00000)
  from space 1024K, 75% used [0x00000000d5a00000,0x00000000d5ac2520,0x00000000d5b00000)
  to   space 1536K, 0% used [0x00000000d5b80000,0x00000000d5b80000,0x00000000d5d00000)
 ParOldGen       total 425472K, used 230120K [0x0000000080000000, 0x0000000099f80000, 0x00000000d5580000)
  object space 425472K, 54% used [0x0000000080000000,0x000000008e0ba1b8,0x0000000099f80000)
 Metaspace       used 74561K, committed 76096K, reserved 1179648K
  class space    used 9012K, committed 9728K, reserved 1048576K
}
Event: 41.417 GC heap before
{Heap before GC invocations=1697 (full 3):
 PSYoungGen      total 5632K, used 5262K [0x00000000d5580000, 0x00000000d5d00000, 0x0000000100000000)
  eden space 4608K, 97% used [0x00000000d5580000,0x00000000d59e15e0,0x00000000d5a00000)
  from space 1024K, 75% used [0x00000000d5a00000,0x00000000d5ac2520,0x00000000d5b00000)
  to   space 1536K, 0% used [0x00000000d5b80000,0x00000000d5b80000,0x00000000d5d00000)
 ParOldGen       total 425472K, used 230120K [0x0000000080000000, 0x0000000099f80000, 0x00000000d5580000)
  object space 425472K, 54% used [0x0000000080000000,0x000000008e0ba1b8,0x0000000099f80000)
 Metaspace       used 74562K, committed 76096K, reserved 1179648K
  class space    used 9012K, committed 9728K, reserved 1048576K
}
Event: 41.417 GC heap after
{Heap after GC invocations=1697 (full 3):
 PSYoungGen      total 6144K, used 1033K [0x00000000d5580000, 0x00000000d5d00000, 0x0000000100000000)
  eden space 4608K, 0% used [0x00000000d5580000,0x00000000d5580000,0x00000000d5a00000)
  from space 1536K, 67% used [0x00000000d5b80000,0x00000000d5c82558,0x00000000d5d00000)
  to   space 1536K, 0% used [0x00000000d5a00000,0x00000000d5a00000,0x00000000d5b80000)
 ParOldGen       total 425472K, used 230128K [0x0000000080000000, 0x0000000099f80000, 0x00000000d5580000)
  object space 425472K, 54% used [0x0000000080000000,0x000000008e0bc1b8,0x0000000099f80000)
 Metaspace       used 74562K, committed 76096K, reserved 1179648K
  class space    used 9012K, committed 9728K, reserved 1048576K
}
Event: 41.420 GC heap before
{Heap before GC invocations=1698 (full 3):
 PSYoungGen      total 6144K, used 5641K [0x00000000d5580000, 0x00000000d5d00000, 0x0000000100000000)
  eden space 4608K, 100% used [0x00000000d5580000,0x00000000d5a00000,0x00000000d5a00000)
  from space 1536K, 67% used [0x00000000d5b80000,0x00000000d5c82558,0x00000000d5d00000)
  to   space 1536K, 0% used [0x00000000d5a00000,0x00000000d5a00000,0x00000000d5b80000)
 ParOldGen       total 425472K, used 230128K [0x0000000080000000, 0x0000000099f80000, 0x00000000d5580000)
  object space 425472K, 54% used [0x0000000080000000,0x000000008e0bc1b8,0x0000000099f80000)
 Metaspace       used 74562K, committed 76096K, reserved 1179648K
  class space    used 9012K, committed 9728K, reserved 1048576K
}
Event: 41.421 GC heap after
{Heap after GC invocations=1698 (full 3):
 PSYoungGen      total 6144K, used 1322K [0x00000000d5580000, 0x00000000d5d00000, 0x0000000100000000)
  eden space 4608K, 0% used [0x00000000d5580000,0x00000000d5580000,0x00000000d5a00000)
  from space 1536K, 86% used [0x00000000d5a00000,0x00000000d5b4a8d0,0x00000000d5b80000)
  to   space 1536K, 0% used [0x00000000d5b80000,0x00000000d5b80000,0x00000000d5d00000)
 ParOldGen       total 425472K, used 230128K [0x0000000080000000, 0x0000000099f80000, 0x00000000d5580000)
  object space 425472K, 54% used [0x0000000080000000,0x000000008e0bc1b8,0x0000000099f80000)
 Metaspace       used 74562K, committed 76096K, reserved 1179648K
  class space    used 9012K, committed 9728K, reserved 1048576K
}
Event: 41.432 GC heap before
{Heap before GC invocations=1699 (full 3):
 PSYoungGen      total 6144K, used 5930K [0x00000000d5580000, 0x00000000d5d00000, 0x0000000100000000)
  eden space 4608K, 100% used [0x00000000d5580000,0x00000000d5a00000,0x00000000d5a00000)
  from space 1536K, 86% used [0x00000000d5a00000,0x00000000d5b4a8d0,0x00000000d5b80000)
  to   space 1536K, 0% used [0x00000000d5b80000,0x00000000d5b80000,0x00000000d5d00000)
 ParOldGen       total 425472K, used 230128K [0x0000000080000000, 0x0000000099f80000, 0x00000000d5580000)
  object space 425472K, 54% used [0x0000000080000000,0x000000008e0bc1b8,0x0000000099f80000)
 Metaspace       used 74841K, committed 76352K, reserved 1179648K
  class space    used 9029K, committed 9728K, reserved 1048576K
}
Event: 41.432 GC heap after
{Heap after GC invocations=1699 (full 3):
 PSYoungGen      total 5120K, used 224K [0x00000000d5580000, 0x00000000d5c00000, 0x0000000100000000)
  eden space 4608K, 0% used [0x00000000d5580000,0x00000000d5580000,0x00000000d5a00000)
  from space 512K, 43% used [0x00000000d5b80000,0x00000000d5bb8000,0x00000000d5c00000)
  to   space 1024K, 0% used [0x00000000d5a00000,0x00000000d5a00000,0x00000000d5b00000)
 ParOldGen       total 425472K, used 230128K [0x0000000080000000, 0x0000000099f80000, 0x00000000d5580000)
  object space 425472K, 54% used [0x0000000080000000,0x000000008e0bc1b8,0x0000000099f80000)
 Metaspace       used 74841K, committed 76352K, reserved 1179648K
  class space    used 9029K, committed 9728K, reserved 1048576K
}
Event: 41.454 GC heap before
{Heap before GC invocations=1700 (full 3):
 PSYoungGen      total 5120K, used 4832K [0x00000000d5580000, 0x00000000d5c00000, 0x0000000100000000)
  eden space 4608K, 100% used [0x00000000d5580000,0x00000000d5a00000,0x00000000d5a00000)
  from space 512K, 43% used [0x00000000d5b80000,0x00000000d5bb8000,0x00000000d5c00000)
  to   space 1024K, 0% used [0x00000000d5a00000,0x00000000d5a00000,0x00000000d5b00000)
 ParOldGen       total 425472K, used 230128K [0x0000000080000000, 0x0000000099f80000, 0x00000000d5580000)
  object space 425472K, 54% used [0x0000000080000000,0x000000008e0bc1b8,0x0000000099f80000)
 Metaspace       used 75660K, committed 77184K, reserved 1179648K
  class space    used 9113K, committed 9792K, reserved 1048576K
}
Event: 41.454 GC heap after
{Heap after GC invocations=1700 (full 3):
 PSYoungGen      total 5632K, used 288K [0x00000000d5580000, 0x00000000d5c00000, 0x0000000100000000)
  eden space 4608K, 0% used [0x00000000d5580000,0x00000000d5580000,0x00000000d5a00000)
  from space 1024K, 28% used [0x00000000d5a00000,0x00000000d5a48000,0x00000000d5b00000)
  to   space 512K, 0% used [0x00000000d5b80000,0x00000000d5b80000,0x00000000d5c00000)
 ParOldGen       total 425472K, used 230200K [0x0000000080000000, 0x0000000099f80000, 0x00000000d5580000)
  object space 425472K, 54% used [0x0000000080000000,0x000000008e0ce1b8,0x0000000099f80000)
 Metaspace       used 75660K, committed 77184K, reserved 1179648K
  class space    used 9113K, committed 9792K, reserved 1048576K
}
Event: 41.499 GC heap before
{Heap before GC invocations=1701 (full 3):
 PSYoungGen      total 5632K, used 4896K [0x00000000d5580000, 0x00000000d5c00000, 0x0000000100000000)
  eden space 4608K, 100% used [0x00000000d5580000,0x00000000d5a00000,0x00000000d5a00000)
  from space 1024K, 28% used [0x00000000d5a00000,0x00000000d5a48000,0x00000000d5b00000)
  to   space 512K, 0% used [0x00000000d5b80000,0x00000000d5b80000,0x00000000d5c00000)
 ParOldGen       total 425472K, used 230200K [0x0000000080000000, 0x0000000099f80000, 0x00000000d5580000)
  object space 425472K, 54% used [0x0000000080000000,0x000000008e0ce1b8,0x0000000099f80000)
 Metaspace       used 75842K, committed 77376K, reserved 1179648K
  class space    used 9139K, committed 9856K, reserved 1048576K
}
Event: 41.500 GC heap after
{Heap after GC invocations=1701 (full 3):
 PSYoungGen      total 5120K, used 288K [0x00000000d5580000, 0x00000000d5c00000, 0x0000000100000000)
  eden space 4608K, 0% used [0x00000000d5580000,0x00000000d5580000,0x00000000d5a00000)
  from space 512K, 56% used [0x00000000d5b80000,0x00000000d5bc8000,0x00000000d5c00000)
  to   space 512K, 0% used [0x00000000d5b00000,0x00000000d5b00000,0x00000000d5b80000)
 ParOldGen       total 425472K, used 230288K [0x0000000080000000, 0x0000000099f80000, 0x00000000d5580000)
  object space 425472K, 54% used [0x0000000080000000,0x000000008e0e41b8,0x0000000099f80000)
 Metaspace       used 75842K, committed 77376K, reserved 1179648K
  class space    used 9139K, committed 9856K, reserved 1048576K
}
Event: 41.528 GC heap before
{Heap before GC invocations=1702 (full 3):
 PSYoungGen      total 5120K, used 4895K [0x00000000d5580000, 0x00000000d5c00000, 0x0000000100000000)
  eden space 4608K, 99% used [0x00000000d5580000,0x00000000d59ffff0,0x00000000d5a00000)
  from space 512K, 56% used [0x00000000d5b80000,0x00000000d5bc8000,0x00000000d5c00000)
  to   space 512K, 0% used [0x00000000d5b00000,0x00000000d5b00000,0x00000000d5b80000)
 ParOldGen       total 425472K, used 230288K [0x0000000080000000, 0x0000000099f80000, 0x00000000d5580000)
  object space 425472K, 54% used [0x0000000080000000,0x000000008e0e41b8,0x0000000099f80000)
 Metaspace       used 75923K, committed 77504K, reserved 1179648K
  class space    used 9164K, committed 9856K, reserved 1048576K
}
Event: 41.529 GC heap after
{Heap after GC invocations=1702 (full 3):
 PSYoungGen      total 5120K, used 256K [0x00000000d5580000, 0x00000000d5c00000, 0x0000000100000000)
  eden space 4608K, 0% used [0x00000000d5580000,0x00000000d5580000,0x00000000d5a00000)
  from space 512K, 50% used [0x00000000d5b00000,0x00000000d5b40010,0x00000000d5b80000)
  to   space 512K, 0% used [0x00000000d5b80000,0x00000000d5b80000,0x00000000d5c00000)
 ParOldGen       total 425472K, used 230376K [0x0000000080000000, 0x0000000099f80000, 0x00000000d5580000)
  object space 425472K, 54% used [0x0000000080000000,0x000000008e0fa1b8,0x0000000099f80000)
 Metaspace       used 75923K, committed 77504K, reserved 1179648K
  class space    used 9164K, committed 9856K, reserved 1048576K
}

