# JRE version: OpenJDK Runtime Environment Temurin-21.0.7+6 (21.0.7+6) (build 21.0.7+6-LTS)
# Java VM: OpenJDK 64-Bit Server VM Temurin-21.0.7+6 (21.0.7+6-LTS, mixed mode, sharing, tiered, compressed oops, compressed class ptrs, g1 gc, windows-amd64)
GC Precious Log:
 CardTable entry size: 512
 Card Set container configuration: InlinePtr #cards 4 size 8 Array Of Cards #cards 16 size 48 Howl #buckets 8 coarsen threshold 3686 Howl Bitmap #cards 512 size 80 coarsen threshold 460 Card regions per heap region 1 cards per card region 4096
 CPUs: 12 total, 12 available
 Memory: 15296M
 Large Page Support: Disabled
 NUMA Support: Disabled
 Compressed Oops: Enabled (Zero based)
 Heap Region Size: 2M
 Heap Min Capacity: 8M
 Heap Initial Capacity: 240M
 Heap Max Capacity: 4G
 Pre-touch: Disabled
 Parallel Workers: 10
 Concurrent Workers: 3
 Concurrent Refinement Workers: 10
 Periodic GC: Disabled
Heap:
 garbage-first heap   total 450560K, used 356809K [0x0000000700000000, 0x0000000800000000)
  region size 2048K, 46 young (94208K), 5 survivors (10240K)
 Metaspace       used 101140K, committed 104064K, reserved 1179648K
  class space    used 14326K, committed 15680K, reserved 1048576K
GC Heap History (20 events):
Event: 29.290 GC heap before
{Heap before GC invocations=51 (full 0):
 garbage-first heap   total 366592K, used 331821K [0x0000000700000000, 0x0000000800000000)
  region size 2048K, 73 young (149504K), 5 survivors (10240K)
 Metaspace       used 95333K, committed 97984K, reserved 1179648K
  class space    used 13506K, committed 14784K, reserved 1048576K
}
Event: 29.296 GC heap after
{Heap after GC invocations=52 (full 0):
 garbage-first heap   total 366592K, used 198537K [0x0000000700000000, 0x0000000800000000)
  region size 2048K, 7 young (14336K), 7 survivors (14336K)
 Metaspace       used 95333K, committed 97984K, reserved 1179648K
  class space    used 13506K, committed 14784K, reserved 1048576K
}
Event: 29.670 GC heap before
{Heap before GC invocations=52 (full 0):
 garbage-first heap   total 366592K, used 327561K [0x0000000700000000, 0x0000000800000000)
  region size 2048K, 71 young (145408K), 7 survivors (14336K)
 Metaspace       used 95470K, committed 98176K, reserved 1179648K
  class space    used 13523K, committed 14848K, reserved 1048576K
}
Event: 29.679 GC heap after
{Heap after GC invocations=53 (full 0):
 garbage-first heap   total 366592K, used 202247K [0x0000000700000000, 0x0000000800000000)
  region size 2048K, 6 young (12288K), 6 survivors (12288K)
 Metaspace       used 95470K, committed 98176K, reserved 1179648K
  class space    used 13523K, committed 14848K, reserved 1048576K
}
Event: 30.226 GC heap before
{Heap before GC invocations=53 (full 0):
 garbage-first heap   total 366592K, used 329223K [0x0000000700000000, 0x0000000800000000)
  region size 2048K, 69 young (141312K), 6 survivors (12288K)
 Metaspace       used 95789K, committed 98496K, reserved 1179648K
  class space    used 13568K, committed 14848K, reserved 1048576K
}
Event: 30.234 GC heap after
{Heap after GC invocations=54 (full 0):
 garbage-first heap   total 366592K, used 215171K [0x0000000700000000, 0x0000000800000000)
  region size 2048K, 9 young (18432K), 9 survivors (18432K)
 Metaspace       used 95789K, committed 98496K, reserved 1179648K
  class space    used 13568K, committed 14848K, reserved 1048576K
}
Event: 30.525 GC heap before
{Heap before GC invocations=55 (full 0):
 garbage-first heap   total 366592K, used 325763K [0x0000000700000000, 0x0000000800000000)
  region size 2048K, 63 young (129024K), 9 survivors (18432K)
 Metaspace       used 95837K, committed 98624K, reserved 1179648K
  class space    used 13576K, committed 14912K, reserved 1048576K
}
Event: 30.532 GC heap after
{Heap after GC invocations=56 (full 0):
 garbage-first heap   total 366592K, used 224160K [0x0000000700000000, 0x0000000800000000)
  region size 2048K, 4 young (8192K), 4 survivors (8192K)
 Metaspace       used 95837K, committed 98624K, reserved 1179648K
  class space    used 13576K, committed 14912K, reserved 1048576K
}
Event: 31.044 GC heap before
{Heap before GC invocations=56 (full 0):
 garbage-first heap   total 366592K, used 338848K [0x0000000700000000, 0x0000000800000000)
  region size 2048K, 59 young (120832K), 4 survivors (8192K)
 Metaspace       used 96300K, committed 99136K, reserved 1179648K
  class space    used 13626K, committed 14976K, reserved 1048576K
}
Event: 31.052 GC heap after
{Heap after GC invocations=57 (full 0):
 garbage-first heap   total 366592K, used 236477K [0x0000000700000000, 0x0000000800000000)
  region size 2048K, 8 young (16384K), 8 survivors (16384K)
 Metaspace       used 96300K, committed 99136K, reserved 1179648K
  class space    used 13626K, committed 14976K, reserved 1048576K
}
Event: 31.197 GC heap before
{Heap before GC invocations=57 (full 0):
 garbage-first heap   total 366592K, used 326589K [0x0000000700000000, 0x0000000800000000)
  region size 2048K, 53 young (108544K), 8 survivors (16384K)
 Metaspace       used 96363K, committed 99200K, reserved 1179648K
  class space    used 13636K, committed 14976K, reserved 1048576K
}
Event: 31.203 GC heap after
{Heap after GC invocations=58 (full 0):
 garbage-first heap   total 440320K, used 240114K [0x0000000700000000, 0x0000000800000000)
  region size 2048K, 3 young (6144K), 3 survivors (6144K)
 Metaspace       used 96363K, committed 99200K, reserved 1179648K
  class space    used 13636K, committed 14976K, reserved 1048576K
}
Event: 31.656 GC heap before
{Heap before GC invocations=59 (full 0):
 garbage-first heap   total 440320K, used 406002K [0x0000000700000000, 0x0000000800000000)
  region size 2048K, 85 young (174080K), 3 survivors (6144K)
 Metaspace       used 96451K, committed 99264K, reserved 1179648K
  class space    used 13648K, committed 14976K, reserved 1048576K
}
Event: 31.662 GC heap after
{Heap after GC invocations=60 (full 0):
 garbage-first heap   total 440320K, used 246180K [0x0000000700000000, 0x0000000800000000)
  region size 2048K, 6 young (12288K), 6 survivors (12288K)
 Metaspace       used 96451K, committed 99264K, reserved 1179648K
  class space    used 13648K, committed 14976K, reserved 1048576K
}
Event: 32.069 GC heap before
{Heap before GC invocations=60 (full 0):
 garbage-first heap   total 440320K, used 401828K [0x0000000700000000, 0x0000000800000000)
  region size 2048K, 82 young (167936K), 6 survivors (12288K)
 Metaspace       used 97035K, committed 99904K, reserved 1179648K
  class space    used 13736K, committed 15104K, reserved 1048576K
}
Event: 32.078 GC heap after
{Heap after GC invocations=61 (full 0):
 garbage-first heap   total 440320K, used 259003K [0x0000000700000000, 0x0000000800000000)
  region size 2048K, 11 young (22528K), 11 survivors (22528K)
 Metaspace       used 97035K, committed 99904K, reserved 1179648K
  class space    used 13736K, committed 15104K, reserved 1048576K
}
Event: 32.507 GC heap before
{Heap before GC invocations=61 (full 0):
 garbage-first heap   total 440320K, used 390075K [0x0000000700000000, 0x0000000800000000)
  region size 2048K, 76 young (155648K), 11 survivors (22528K)
 Metaspace       used 97368K, committed 100224K, reserved 1179648K
  class space    used 13772K, committed 15104K, reserved 1048576K
}
Event: 32.516 GC heap after
{Heap after GC invocations=62 (full 0):
 garbage-first heap   total 440320K, used 269011K [0x0000000700000000, 0x0000000800000000)
  region size 2048K, 6 young (12288K), 6 survivors (12288K)
 Metaspace       used 97368K, committed 100224K, reserved 1179648K
  class space    used 13772K, committed 15104K, reserved 1048576K
}
Event: 32.877 GC heap before
{Heap before GC invocations=63 (full 0):
 garbage-first heap   total 450560K, used 402131K [0x0000000700000000, 0x0000000800000000)
  region size 2048K, 72 young (147456K), 6 survivors (12288K)
 Metaspace       used 97687K, committed 100544K, reserved 1179648K
  class space    used 13807K, committed 15168K, reserved 1048576K
}
Event: 32.884 GC heap after
{Heap after GC invocations=64 (full 0):
 garbage-first heap   total 450560K, used 276937K [0x0000000700000000, 0x0000000800000000)
  region size 2048K, 5 young (10240K), 5 survivors (10240K)
 Metaspace       used 97687K, committed 100544K, reserved 1179648K
  class space    used 13807K, committed 15168K, reserved 1048576K
}

